<xml><ToUserName><![CDATA[gh_709dd1423d4c]]></ToUserName>
<FromUserName><![CDATA[onun_5lLzel17JvjX1tQiJH40eno]]></FromUserName>
<CreateTime>1605056162</CreateTime>
<MsgType><![CDATA[event]]></MsgType>
<Event><![CDATA[CLICK]]></Event>
<EventKey><![CDATA[WEATHER]]></EventKey>
</xml>
<xml><ToUserName><![CDATA[gh_709dd1423d4c]]></ToUserName>
<FromUserName><![CDATA[onun_5lLzel17JvjX1tQiJH40eno]]></FromUserName>
<CreateTime>1605056162</CreateTime>
<MsgType><![CDATA[event]]></MsgType>
<Event><![CDATA[CLICK]]></Event>
<EventKey><![CDATA[WEATHER]]></EventKey>
</xml>
<xml><ToUserName><![CDATA[gh_709dd1423d4c]]></ToUserName>
<FromUserName><![CDATA[onun_5lLzel17JvjX1tQiJH40eno]]></FromUserName>
<CreateTime>1605056162</CreateTime>
<MsgType><![CDATA[event]]></MsgType>
<Event><![CDATA[CLICK]]></Event>
<EventKey><![CDATA[WEATHER]]></EventKey>
</xml><xml><ToUserName><![CDATA[gh_709dd1423d4c]]></ToUserName>
<FromUserName><![CDATA[onun_5lLzel17JvjX1tQiJH40eno]]></FromUserName>
<CreateTime>1605056162</CreateTime>
<MsgType><![CDATA[event]]></MsgType>
<Event><![CDATA[CLICK]]></Event>
<EventKey><![CDATA[WEATHER]]></EventKey>
</xml><xml><ToUserName><![CDATA[gh_709dd1423d4c]]></ToUserName>
<FromUserName><![CDATA[onun_5lLzel17JvjX1tQiJH40eno]]></FromUserName>
<CreateTime>1605060236</CreateTime>
<MsgType><![CDATA[event]]></MsgType>
<Event><![CDATA[VIEW]]></Event>
<EventKey><![CDATA[https://www.baidu.com]]></EventKey>
<MenuId>423796602</MenuId>
</xml>
<xml><ToUserName><![CDATA[gh_709dd1423d4c]]></ToUserName>
<FromUserName><![CDATA[onun_5lLzel17JvjX1tQiJH40eno]]></FromUserName>
<CreateTime>1605060236</CreateTime>
<MsgType><![CDATA[event]]></MsgType>
<Event><![CDATA[VIEW]]></Event>
<EventKey><![CDATA[https://www.baidu.com]]></EventKey>
<MenuId>423796602</MenuId>
</xml>
<xml><ToUserName><![CDATA[gh_709dd1423d4c]]></ToUserName>
<FromUserName><![CDATA[onun_5lLzel17JvjX1tQiJH40eno]]></FromUserName>
<CreateTime>1605060236</CreateTime>
<MsgType><![CDATA[event]]></MsgType>
<Event><![CDATA[VIEW]]></Event>
<EventKey><![CDATA[https://www.baidu.com]]></EventKey>
<MenuId>423796602</MenuId>
</xml>
<xml><ToUserName><![CDATA[gh_709dd1423d4c]]></ToUserName>
<FromUserName><![CDATA[onun_5lLzel17JvjX1tQiJH40eno]]></FromUserName>
<CreateTime>1605074198</CreateTime>
<MsgType><![CDATA[event]]></MsgType>
<Event><![CDATA[CLICK]]></Event>
<EventKey><![CDATA[checkin]]></EventKey>
</xml>
<xml><ToUserName><![CDATA[gh_709dd1423d4c]]></ToUserName>
<FromUserName><![CDATA[onun_5lLzel17JvjX1tQiJH40eno]]></FromUserName>
<CreateTime>1605074198</CreateTime>
<MsgType><![CDATA[event]]></MsgType>
<Event><![CDATA[CLICK]]></Event>
<EventKey><![CDATA[checkin]]></EventKey>
</xml>
<xml><ToUserName><![CDATA[gh_709dd1423d4c]]></ToUserName>
<FromUserName><![CDATA[onun_5lLzel17JvjX1tQiJH40eno]]></FromUserName>
<CreateTime>1605074198</CreateTime>
<MsgType><![CDATA[event]]></MsgType>
<Event><![CDATA[CLICK]]></Event>
<EventKey><![CDATA[checkin]]></EventKey>
</xml>
<xml><ToUserName><![CDATA[gh_709dd1423d4c]]></ToUserName>
<FromUserName><![CDATA[onun_5lLzel17JvjX1tQiJH40eno]]></FromUserName>
<CreateTime>1605074198</CreateTime>
<MsgType><![CDATA[event]]></MsgType>
<Event><![CDATA[CLICK]]></Event>
<EventKey><![CDATA[checkin]]></EventKey>
</xml>
<xml><ToUserName><![CDATA[gh_709dd1423d4c]]></ToUserName>
<FromUserName><![CDATA[onun_5lLzel17JvjX1tQiJH40eno]]></FromUserName>
<CreateTime>1605074198</CreateTime>
<MsgType><![CDATA[event]]></MsgType>
<Event><![CDATA[CLICK]]></Event>
<EventKey><![CDATA[checkin]]></EventKey>
</xml>
<xml><ToUserName><![CDATA[gh_709dd1423d4c]]></ToUserName>
<FromUserName><![CDATA[onun_5lLzel17JvjX1tQiJH40eno]]></FromUserName>
<CreateTime>1605074198</CreateTime>
<MsgType><![CDATA[event]]></MsgType>
<Event><![CDATA[CLICK]]></Event>
<EventKey><![CDATA[checkin]]></EventKey>
</xml>
<xml><ToUserName><![CDATA[gh_709dd1423d4c]]></ToUserName>
<FromUserName><![CDATA[onun_5lLzel17JvjX1tQiJH40eno]]></FromUserName>
<CreateTime>1605074198</CreateTime>
<MsgType><![CDATA[event]]></MsgType>
<Event><![CDATA[CLICK]]></Event>
<EventKey><![CDATA[checkin]]></EventKey>
</xml>
<xml><ToUserName><![CDATA[gh_709dd1423d4c]]></ToUserName>
<FromUserName><![CDATA[onun_5lLzel17JvjX1tQiJH40eno]]></FromUserName>
<CreateTime>1605074198</CreateTime>
<MsgType><![CDATA[event]]></MsgType>
<Event><![CDATA[CLICK]]></Event>
<EventKey><![CDATA[checkin]]></EventKey>
</xml>
<xml><ToUserName><![CDATA[gh_709dd1423d4c]]></ToUserName>
<FromUserName><![CDATA[onun_5lLzel17JvjX1tQiJH40eno]]></FromUserName>
<CreateTime>1605074198</CreateTime>
<MsgType><![CDATA[event]]></MsgType>
<Event><![CDATA[CLICK]]></Event>
<EventKey><![CDATA[checkin]]></EventKey>
</xml>
<xml><ToUserName><![CDATA[gh_709dd1423d4c]]></ToUserName>
<FromUserName><![CDATA[onun_5lLzel17JvjX1tQiJH40eno]]></FromUserName>
<CreateTime>1605074198</CreateTime>
<MsgType><![CDATA[event]]></MsgType>
<Event><![CDATA[CLICK]]></Event>
<EventKey><![CDATA[checkin]]></EventKey>
</xml>
<xml><ToUserName><![CDATA[gh_709dd1423d4c]]></ToUserName>
<FromUserName><![CDATA[onun_5lLzel17JvjX1tQiJH40eno]]></FromUserName>
<CreateTime>1605074198</CreateTime>
<MsgType><![CDATA[event]]></MsgType>
<Event><![CDATA[CLICK]]></Event>
<EventKey><![CDATA[checkin]]></EventKey>
</xml>
<xml><ToUserName><![CDATA[gh_709dd1423d4c]]></ToUserName>
<FromUserName><![CDATA[onun_5lLzel17JvjX1tQiJH40eno]]></FromUserName>
<CreateTime>1605074198</CreateTime>
<MsgType><![CDATA[event]]></MsgType>
<Event><![CDATA[CLICK]]></Event>
<EventKey><![CDATA[checkin]]></EventKey>
</xml>
<xml><ToUserName><![CDATA[gh_709dd1423d4c]]></ToUserName>
<FromUserName><![CDATA[onun_5lLzel17JvjX1tQiJH40eno]]></FromUserName>
<CreateTime>1605074198</CreateTime>
<MsgType><![CDATA[event]]></MsgType>
<Event><![CDATA[CLICK]]></Event>
<EventKey><![CDATA[checkin]]></EventKey>
</xml>
<xml><ToUserName><![CDATA[gh_709dd1423d4c]]></ToUserName>
<FromUserName><![CDATA[onun_5lLzel17JvjX1tQiJH40eno]]></FromUserName>
<CreateTime>1605074198</CreateTime>
<MsgType><![CDATA[event]]></MsgType>
<Event><![CDATA[CLICK]]></Event>
<EventKey><![CDATA[checkin]]></EventKey>
</xml>
<xml><ToUserName><![CDATA[gh_709dd1423d4c]]></ToUserName>
<FromUserName><![CDATA[onun_5lLzel17JvjX1tQiJH40eno]]></FromUserName>
<CreateTime>1605074198</CreateTime>
<MsgType><![CDATA[event]]></MsgType>
<Event><![CDATA[CLICK]]></Event>
<EventKey><![CDATA[checkin]]></EventKey>
</xml>
<xml><ToUserName><![CDATA[gh_709dd1423d4c]]></ToUserName>
<FromUserName><![CDATA[onun_5lLzel17JvjX1tQiJH40eno]]></FromUserName>
<CreateTime>1605074198</CreateTime>
<MsgType><![CDATA[event]]></MsgType>
<Event><![CDATA[CLICK]]></Event>
<EventKey><![CDATA[checkin]]></EventKey>
</xml>
<xml><ToUserName><![CDATA[gh_709dd1423d4c]]></ToUserName>
<FromUserName><![CDATA[onun_5lLzel17JvjX1tQiJH40eno]]></FromUserName>
<CreateTime>1605074198</CreateTime>
<MsgType><![CDATA[event]]></MsgType>
<Event><![CDATA[CLICK]]></Event>
<EventKey><![CDATA[checkin]]></EventKey>
</xml>
<xml><ToUserName><![CDATA[gh_709dd1423d4c]]></ToUserName>
<FromUserName><![CDATA[onun_5lLzel17JvjX1tQiJH40eno]]></FromUserName>
<CreateTime>1605074198</CreateTime>
<MsgType><![CDATA[event]]></MsgType>
<Event><![CDATA[CLICK]]></Event>
<EventKey><![CDATA[checkin]]></EventKey>
</xml>
<xml><ToUserName><![CDATA[gh_709dd1423d4c]]></ToUserName>
<FromUserName><![CDATA[onun_5lLzel17JvjX1tQiJH40eno]]></FromUserName>
<CreateTime>1605078872</CreateTime>
<MsgType><![CDATA[image]]></MsgType>
<PicUrl><![CDATA[http://mmbiz.qpic.cn/mmbiz_jpg/ptMUcDIosk5j5NlRfhibk9Lly9qtseM2RILuy0HFlRk652yRaMRu6Hj3dQD2wOictRgkgknYgcIgCnTicZHFndogg/0]]></PicUrl>
<MsgId>22979202097249538</MsgId>
<MediaId><![CDATA[leqVX5TqaHZ94-WBuBZYzKMj93PMfckxxp9doFaddQh1RO0a440rRrhLlgI5RM7l]]></MediaId>
</xml>
<xml><ToUserName><![CDATA[gh_709dd1423d4c]]></ToUserName>
<FromUserName><![CDATA[onun_5lLzel17JvjX1tQiJH40eno]]></FromUserName>
<CreateTime>1605078872</CreateTime>
<MsgType><![CDATA[image]]></MsgType>
<PicUrl><![CDATA[http://mmbiz.qpic.cn/mmbiz_jpg/ptMUcDIosk5j5NlRfhibk9Lly9qtseM2RILuy0HFlRk652yRaMRu6Hj3dQD2wOictRgkgknYgcIgCnTicZHFndogg/0]]></PicUrl>
<MsgId>22979202097249538</MsgId>
<MediaId><![CDATA[leqVX5TqaHZ94-WBuBZYzKMj93PMfckxxp9doFaddQh1RO0a440rRrhLlgI5RM7l]]></MediaId>
</xml>
<xml><ToUserName><![CDATA[gh_709dd1423d4c]]></ToUserName>
<FromUserName><![CDATA[onun_5lLzel17JvjX1tQiJH40eno]]></FromUserName>
<CreateTime>1605078872</CreateTime>
<MsgType><![CDATA[image]]></MsgType>
<PicUrl><![CDATA[http://mmbiz.qpic.cn/mmbiz_jpg/ptMUcDIosk5j5NlRfhibk9Lly9qtseM2RILuy0HFlRk652yRaMRu6Hj3dQD2wOictRgkgknYgcIgCnTicZHFndogg/0]]></PicUrl>
<MsgId>22979202097249538</MsgId>
<MediaId><![CDATA[leqVX5TqaHZ94-WBuBZYzKMj93PMfckxxp9doFaddQh1RO0a440rRrhLlgI5RM7l]]></MediaId>
</xml>
